
> digital-shrine@0.1.0 start
> next start

ready - started server on 0.0.0.0:3000, url: http://localhost:3000
info  - Loaded env from F:\code\digital-shrine\.env.local
warn  - You have enabled experimental features (appDir, fontLoaders, cpus) in next.config.js.
warn  - Experimental features are not covered by semver, and may cause unexpected or broken application behavior. Use at your own risk.
info  - Thank you for testing `appDir` please leave your feedback at https://nextjs.link/app-feedback


> digital-shrine@0.1.0 start
> next start

ready - started server on 0.0.0.0:3000, url: http://localhost:3000
info  - Loaded env from F:\code\digital-shrine\.env.local
warn  - You have enabled experimental features (appDir, fontLoaders, cpus) in next.config.js.
warn  - Experimental features are not covered by semver, and may cause unexpected or broken application behavior. Use at your own risk.
info  - Thank you for testing `appDir` please leave your feedback at https://nextjs.link/app-feedback

(node:12804) ExperimentalWarning: The Fetch API is an experimental feature. This feature could change at any time
(Use `node --trace-warnings ...` to show where the warning was created)

> digital-shrine@0.1.0 start
> next start

ready - started server on 0.0.0.0:3000, url: http://localhost:3000
info  - Loaded env from F:\code\digital-shrine\.env.local
warn  - You have enabled experimental features (appDir, fontLoaders, cpus) in next.config.js.
warn  - Experimental features are not covered by semver, and may cause unexpected or broken application behavior. Use at your own risk.
info  - Thank you for testing `appDir` please leave your feedback at https://nextjs.link/app-feedback


> digital-shrine@0.1.0 start
> next start

ready - started server on 0.0.0.0:3000, url: http://localhost:3000
info  - Loaded env from F:\code\digital-shrine\.env.local
warn  - You have enabled experimental features (appDir, fontLoaders, cpus) in next.config.js.
warn  - Experimental features are not covered by semver, and may cause unexpected or broken application behavior. Use at your own risk.
info  - Thank you for testing `appDir` please leave your feedback at https://nextjs.link/app-feedback


> digital-shrine@0.1.0 start
> next start

ready - started server on 0.0.0.0:3000, url: http://localhost:3000
info  - Loaded env from F:\code\digital-shrine\.env.local
warn  - You have enabled experimental features (appDir, fontLoaders, cpus) in next.config.js.
warn  - Experimental features are not covered by semver, and may cause unexpected or broken application behavior. Use at your own risk.
info  - Thank you for testing `appDir` please leave your feedback at https://nextjs.link/app-feedback

(node:17984) ExperimentalWarning: The Fetch API is an experimental feature. This feature could change at any time
(Use `node --trace-warnings ...` to show where the warning was created)

> digital-shrine@0.1.0 start
> next start

ready - started server on 0.0.0.0:3000, url: http://localhost:3000
info  - Loaded env from F:\code\digital-shrine\.env.local
warn  - You have enabled experimental features (appDir, fontLoaders, cpus) in next.config.js.
warn  - Experimental features are not covered by semver, and may cause unexpected or broken application behavior. Use at your own risk.
info  - Thank you for testing `appDir` please leave your feedback at https://nextjs.link/app-feedback

